<?xml version="1.0" encoding="UTF-8"?>
<testsuite xmlns:xsi="http://www.w3.org/2001/XMLSchema-instance" xsi:noNamespaceSchemaLocation="https://maven.apache.org/surefire/maven-surefire-plugin/xsd/surefire-test-report-3.0.xsd" version="3.0" name="com.example.interceptor1.Interceptor1ApplicationTests" time="21.626" tests="1" errors="0" skipped="0" failures="0">
  <properties>
[...]
</properties>
  <testcase name="contextLoads" classname="com.example.interceptor1.Interceptor1ApplicationTests" time="4.31">
    <system-out><![CDATA[15:50:54.554 [main] INFO org.springframework.test.context.support.AnnotationConfigContextLoaderUtils -- Could not detect default configuration classes for test class [com.example.interceptor1.Interceptor1ApplicationTests]: Interceptor1ApplicationTests does not declare any static, non-private, non-final, nested classes annotated with @Configuration.
15:50:55.119 [main] INFO org.springframework.boot.test.context.SpringBootTestContextBootstrapper -- Found @SpringBootConfiguration com.example.interceptor1.Interceptor1Application for test class com.example.interceptor1.Interceptor1ApplicationTests
15:50:55.967 [main] INFO org.springframework.boot.devtools.restart.RestartApplicationListener -- Restart disabled due to context in which it is running

  .   ____          _            __ _ _
 /\\ / ___'_ __ _ _(_)_ __  __ _ \ \ \ \
( ( )\___ | '_ | '_| | '_ \/ _` | \ \ \ \
 \\/  ___)| |_)| | | | | || (_| |  ) ) ) )
  '  |____| .__|_| |_|_| |_\__, | / / / /
 =========|_|==============|___/=/_/_/_/
 :: Spring Boot ::                (v3.2.4)

2024-04-16T15:50:57.288+02:00  INFO 8396 --- [Interceptor1] [           main] c.e.i.Interceptor1ApplicationTests       : Starting Interceptor1ApplicationTests using Java 21.0.1 with PID 8396 (started by Utente in C:\Users\Utente\IdeaProjects\Interceptor1)
2024-04-16T15:50:57.292+02:00  INFO 8396 --- [Interceptor1] [           main] c.e.i.Interceptor1ApplicationTests       : No active profile set, falling back to 1 default profile: "default"
2024-04-16T15:51:05.172+02:00  WARN 8396 --- [Interceptor1] [           main] trationDelegate$BeanPostProcessorChecker : Bean 'org.springframework.ws.config.annotation.DelegatingWsConfiguration' of type [org.springframework.ws.config.annotation.DelegatingWsConfiguration$$SpringCGLIB$$0] is not eligible for getting processed by all BeanPostProcessors (for example: not eligible for auto-proxying). The currently created BeanPostProcessor [annotationActionEndpointMapping] is declared through a non-static factory method on that class; consider declaring it as static instead.
2024-04-16T15:51:06.278+02:00  INFO 8396 --- [Interceptor1] [           main] .w.s.a.s.AnnotationActionEndpointMapping : Supporting [WS-Addressing August 2004, WS-Addressing 1.0]
2024-04-16T15:51:10.931+02:00  INFO 8396 --- [Interceptor1] [           main] c.e.i.Interceptor1ApplicationTests       : Started Interceptor1ApplicationTests in 15.021 seconds (process running for 20.154)
]]></system-out>
    <system-err><![CDATA[WARNING: A Java agent has been loaded dynamically (C:\Users\Utente\.m2\repository\net\bytebuddy\byte-buddy-agent\1.14.12\byte-buddy-agent-1.14.12.jar)
WARNING: If a serviceability tool is in use, please run with -XX:+EnableDynamicAgentLoading to hide this warning
WARNING: If a serviceability tool is not in use, please run with -Djdk.instrument.traceUsage for more information
WARNING: Dynamic loading of agents will be disallowed by default in a future release
]]></system-err>
  </testcase>
</testsuite>